<?xml version="1.0" encoding="UTF-8"?>
<!-- Generated by org.testng.reporters.JUnitXMLReporter -->
<testsuite ignored="0" hostname="MANI" failures="0" tests="3" name="Surefire test" time="234.352" errors="0" timestamp="2021-11-20T21:27:28 IST">
  <testcase classname="sample.eazydiner.eventTest" name="test1" time="60.181"/>
  <testcase classname="sample.eazydiner.homepageTest" name="test2" time="103.264"/>
  <testcase classname="sample.eazydiner.locationTest" name="test3" time="70.798"/>
</testsuite> <!-- Surefire test -->
