<?xml version="1.0" encoding="UTF-8"?>
<testng-results ignored="0" total="3" passed="3" failed="0" skipped="0">
  <reporter-output>
  </reporter-output>
  <suite started-at="2021-11-20T21:23:33 IST" name="Surefire suite" finished-at="2021-11-20T21:27:28 IST" duration-ms="234352">
    <groups>
    </groups>
    <test started-at="2021-11-20T21:23:33 IST" name="Surefire test" finished-at="2021-11-20T21:27:28 IST" duration-ms="234352">
      <class name="sample.eazydiner.eventTest">
        <test-method signature="test1()[pri:0, instance:sample.eazydiner.eventTest@279fedbd]" started-at="2021-11-20T21:23:33 IST" name="test1" finished-at="2021-11-20T21:24:34 IST" duration-ms="60181" status="PASS">
          <reporter-output>
          </reporter-output>
        </test-method> <!-- test1 -->
      </class> <!-- sample.eazydiner.eventTest -->
      <class name="sample.eazydiner.homepageTest">
        <test-method signature="test2()[pri:0, instance:sample.eazydiner.homepageTest@23348b5d]" started-at="2021-11-20T21:24:34 IST" name="test2" finished-at="2021-11-20T21:26:17 IST" duration-ms="103264" status="PASS">
          <reporter-output>
          </reporter-output>
        </test-method> <!-- test2 -->
      </class> <!-- sample.eazydiner.homepageTest -->
      <class name="sample.eazydiner.locationTest">
        <test-method signature="test3()[pri:0, instance:sample.eazydiner.locationTest@70325e14]" started-at="2021-11-20T21:26:17 IST" name="test3" finished-at="2021-11-20T21:27:28 IST" duration-ms="70798" status="PASS">
          <reporter-output>
          </reporter-output>
        </test-method> <!-- test3 -->
      </class> <!-- sample.eazydiner.locationTest -->
    </test> <!-- Surefire test -->
  </suite> <!-- Surefire suite -->
</testng-results>
